<?xml version="1.0" encoding="UTF-8"?>
<!-- Generated by org.testng.reporters.JUnitReportReporter -->
<testsuite hostname="Reazs-MacBook-Pro.local" name="com.infix.test.LoginTest" tests="1" failures="0" timestamp="30 Jan 2015 01:37:05 GMT" time="9.796" errors="0">
  <testcase name="loginTest" time="9.796" classname="com.infix.test.LoginTest"/>
</testsuite> <!-- com.infix.test.LoginTest -->
